# JRE version: Java(TM) SE Runtime Environment (8.0_201-b09) (build 1.8.0_201-b09)
# Java VM: Java HotSpot(TM) 64-Bit Server VM (25.201-b09 mixed mode linux-amd64 compressed oops)
Heap:
 PSYoungGen      total 253952K, used 253922K [0x00000000d6b80000, 0x00000000ea400000, 0x0000000100000000)
  eden space 245248K, 100% used [0x00000000d6b80000,0x00000000e5b00000,0x00000000e5b00000)
  from space 8704K, 99% used [0x00000000e5b00000,0x00000000e6378b40,0x00000000e6380000)
  to   space 10240K, 53% used [0x00000000e9a00000,0x00000000e9f5c560,0x00000000ea400000)
 ParOldGen       total 93184K, used 17632K [0x0000000084200000, 0x0000000089d00000, 0x00000000d6b80000)
  object space 93184K, 18% used [0x0000000084200000,0x0000000085338258,0x0000000089d00000)
 Metaspace       used 41883K, capacity 54686K, committed 54912K, reserved 1087488K
  class space    used 11326K, capacity 15953K, committed 16000K, reserved 1048576K
GC Heap History (10 events):
Event: 2.636 GC heap after
Heap after GC invocations=9 (full 1):
 PSYoungGen      total 189952K, used 2470K [0x00000000d6b80000, 0x00000000e6d00000, 0x0000000100000000)
  eden space 187392K, 0% used [0x00000000d6b80000,0x00000000d6b80000,0x00000000e2280000)
  from space 2560K, 96% used [0x00000000e6a80000,0x00000000e6ce9b50,0x00000000e6d00000)
  to   space 7680K, 0% used [0x00000000e5e00000,0x00000000e5e00000,0x00000000e6580000)
 ParOldGen       total 58368K, used 8822K [0x0000000084200000, 0x0000000087b00000, 0x00000000d6b80000)
  object space 58368K, 15% used [0x0000000084200000,0x0000000084a9d8f0,0x0000000087b00000)
 Metaspace       used 21548K, capacity 25022K, committed 25216K, reserved 1069056K
  class space    used 5228K, capacity 6472K, committed 6528K, reserved 1048576K
}
Event: 3.473 GC heap before
{Heap before GC invocations=10 (full 1):
 PSYoungGen      total 189952K, used 189862K [0x00000000d6b80000, 0x00000000e6d00000, 0x0000000100000000)
  eden space 187392K, 100% used [0x00000000d6b80000,0x00000000e2280000,0x00000000e2280000)
  from space 2560K, 96% used [0x00000000e6a80000,0x00000000e6ce9b50,0x00000000e6d00000)
  to   space 7680K, 0% used [0x00000000e5e00000,0x00000000e5e00000,0x00000000e6580000)
 ParOldGen       total 58368K, used 8822K [0x0000000084200000, 0x0000000087b00000, 0x00000000d6b80000)
  object space 58368K, 15% used [0x0000000084200000,0x0000000084a9d8f0,0x0000000087b00000)
 Metaspace       used 25462K, capacity 31772K, committed 31872K, reserved 1073152K
  class space    used 6725K, capacity 9030K, committed 9088K, reserved 1048576K
Event: 3.477 GC heap after
Heap after GC invocations=10 (full 1):
 PSYoungGen      total 240640K, used 4784K [0x00000000d6b80000, 0x00000000e6b00000, 0x0000000100000000)
  eden space 235520K, 0% used [0x00000000d6b80000,0x00000000d6b80000,0x00000000e5180000)
  from space 5120K, 93% used [0x00000000e5e00000,0x00000000e62ac010,0x00000000e6300000)
  to   space 7680K, 0% used [0x00000000e6380000,0x00000000e6380000,0x00000000e6b00000)
 ParOldGen       total 58368K, used 8830K [0x0000000084200000, 0x0000000087b00000, 0x00000000d6b80000)
  object space 58368K, 15% used [0x0000000084200000,0x0000000084a9f8f0,0x0000000087b00000)
 Metaspace       used 25462K, capacity 31772K, committed 31872K, reserved 1073152K
  class space    used 6725K, capacity 9030K, committed 9088K, reserved 1048576K
}
Event: 3.824 GC heap before
{Heap before GC invocations=11 (full 1):
 PSYoungGen      total 240640K, used 89688K [0x00000000d6b80000, 0x00000000e6b00000, 0x0000000100000000)
  eden space 235520K, 36% used [0x00000000d6b80000,0x00000000dbe6a3d0,0x00000000e5180000)
  from space 5120K, 93% used [0x00000000e5e00000,0x00000000e62ac010,0x00000000e6300000)
  to   space 7680K, 0% used [0x00000000e6380000,0x00000000e6380000,0x00000000e6b00000)
 ParOldGen       total 58368K, used 8830K [0x0000000084200000, 0x0000000087b00000, 0x00000000d6b80000)
  object space 58368K, 15% used [0x0000000084200000,0x0000000084a9f8f0,0x0000000087b00000)
 Metaspace       used 28475K, capacity 35404K, committed 35496K, reserved 1075200K
  class space    used 7397K, capacity 9946K, committed 9984K, reserved 1048576K
Event: 3.830 GC heap after
Heap after GC invocations=11 (full 1):
 PSYoungGen      total 252928K, used 7652K [0x00000000d6b80000, 0x00000000ea080000, 0x0000000100000000)
  eden space 245248K, 0% used [0x00000000d6b80000,0x00000000d6b80000,0x00000000e5b00000)
  from space 7680K, 99% used [0x00000000e6380000,0x00000000e6af9338,0x00000000e6b00000)
  to   space 8704K, 0% used [0x00000000e5b00000,0x00000000e5b00000,0x00000000e6380000)
 ParOldGen       total 58368K, used 9384K [0x0000000084200000, 0x0000000087b00000, 0x00000000d6b80000)
  object space 58368K, 16% used [0x0000000084200000,0x0000000084b2a0d0,0x0000000087b00000)
 Metaspace       used 28475K, capacity 35404K, committed 35496K, reserved 1075200K
  class space    used 7397K, capacity 9946K, committed 9984K, reserved 1048576K
}
Event: 3.830 GC heap before
{Heap before GC invocations=12 (full 2):
 PSYoungGen      total 252928K, used 7652K [0x00000000d6b80000, 0x00000000ea080000, 0x0000000100000000)
  eden space 245248K, 0% used [0x00000000d6b80000,0x00000000d6b80000,0x00000000e5b00000)
  from space 7680K, 99% used [0x00000000e6380000,0x00000000e6af9338,0x00000000e6b00000)
  to   space 8704K, 0% used [0x00000000e5b00000,0x00000000e5b00000,0x00000000e6380000)
 ParOldGen       total 58368K, used 9384K [0x0000000084200000, 0x0000000087b00000, 0x00000000d6b80000)
  object space 58368K, 16% used [0x0000000084200000,0x0000000084b2a0d0,0x0000000087b00000)
 Metaspace       used 28475K, capacity 35404K, committed 35496K, reserved 1075200K
  class space    used 7397K, capacity 9946K, committed 9984K, reserved 1048576K
Event: 3.871 GC heap after
Heap after GC invocations=12 (full 2):
 PSYoungGen      total 252928K, used 0K [0x00000000d6b80000, 0x00000000ea080000, 0x0000000100000000)
  eden space 245248K, 0% used [0x00000000d6b80000,0x00000000d6b80000,0x00000000e5b00000)
  from space 7680K, 0% used [0x00000000e6380000,0x00000000e6380000,0x00000000e6b00000)
  to   space 8704K, 0% used [0x00000000e5b00000,0x00000000e5b00000,0x00000000e6380000)
 ParOldGen       total 93184K, used 15552K [0x0000000084200000, 0x0000000089d00000, 0x00000000d6b80000)
  object space 93184K, 16% used [0x0000000084200000,0x0000000085130140,0x0000000089d00000)
 Metaspace       used 28475K, capacity 35404K, committed 35496K, reserved 1075200K
  class space    used 7397K, capacity 9946K, committed 9984K, reserved 1048576K
}
Event: 4.986 GC heap before
{Heap before GC invocations=13 (full 2):
 PSYoungGen      total 252928K, used 245248K [0x00000000d6b80000, 0x00000000ea080000, 0x0000000100000000)
  eden space 245248K, 100% used [0x00000000d6b80000,0x00000000e5b00000,0x00000000e5b00000)
  from space 7680K, 0% used [0x00000000e6380000,0x00000000e6380000,0x00000000e6b00000)
  to   space 8704K, 0% used [0x00000000e5b00000,0x00000000e5b00000,0x00000000e6380000)
 ParOldGen       total 93184K, used 15552K [0x0000000084200000, 0x0000000089d00000, 0x00000000d6b80000)
  object space 93184K, 16% used [0x0000000084200000,0x0000000085130140,0x0000000089d00000)
 Metaspace       used 36792K, capacity 46866K, committed 46976K, reserved 1083392K
  class space    used 9508K, capacity 13109K, committed 13184K, reserved 1048576K
Event: 4.993 GC heap after
Heap after GC invocations=13 (full 2):
 PSYoungGen      total 253952K, used 8674K [0x00000000d6b80000, 0x00000000ea400000, 0x0000000100000000)
  eden space 245248K, 0% used [0x00000000d6b80000,0x00000000d6b80000,0x00000000e5b00000)
  from space 8704K, 99% used [0x00000000e5b00000,0x00000000e6378b40,0x00000000e6380000)
  to   space 10240K, 0% used [0x00000000e9a00000,0x00000000e9a00000,0x00000000ea400000)
 ParOldGen       total 93184K, used 17632K [0x0000000084200000, 0x0000000089d00000, 0x00000000d6b80000)
  object space 93184K, 18% used [0x0000000084200000,0x0000000085338258,0x0000000089d00000)
 Metaspace       used 36792K, capacity 46866K, committed 46976K, reserved 1083392K
  class space    used 9508K, capacity 13109K, committed 13184K, reserved 1048576K
}
Event: 6.034 GC heap before
{Heap before GC invocations=14 (full 2):
 PSYoungGen      total 253952K, used 253922K [0x00000000d6b80000, 0x00000000ea400000, 0x0000000100000000)
  eden space 245248K, 100% used [0x00000000d6b80000,0x00000000e5b00000,0x00000000e5b00000)
  from space 8704K, 99% used [0x00000000e5b00000,0x00000000e6378b40,0x00000000e6380000)
  to   space 10240K, 0% used [0x00000000e9a00000,0x00000000e9a00000,0x00000000ea400000)
 ParOldGen       total 93184K, used 17632K [0x0000000084200000, 0x0000000089d00000, 0x00000000d6b80000)
  object space 93184K, 18% used [0x0000000084200000,0x0000000085338258,0x0000000089d00000)
 Metaspace       used 41883K, capacity 54686K, committed 54912K, reserved 1087488K
  class space    used 11326K, capacity 15953K, committed 16000K, reserved 1048576K

